<?xml version="1.0" encoding="UTF-8"?>
<!-- Generated by org.testng.reporters.JUnitReportReporter -->
<testsuite hostname="LANSA-TEST" failures="0" tests="1" name="com.froalacharts.testcases.DrawCancelledTest" time="0.135" errors="0" timestamp="15 Sep 2020 12:02:56 GMT">
  <testcase classname="com.froalacharts.testcases.DrawCancelledTest" name="drawCancelled" time="0.135"/>
</testsuite> <!-- com.froalacharts.testcases.DrawCancelledTest -->
