<?xml version="1.0" encoding="UTF-8"?>
<!-- Generated by org.testng.reporters.JUnitReportReporter -->
<testsuite hostname="LANSA-TEST" failures="0" tests="1" name="com.fusioncharts.testcases.DisposeCancelledTest" time="2.130" errors="0" timestamp="25 Aug 2020 12:58:25 GMT">
  <testcase classname="com.fusioncharts.testcases.DisposeCancelledTest" name="disposeCancelled" time="2.130"/>
</testsuite> <!-- com.fusioncharts.testcases.DisposeCancelledTest -->
