<?xml version="1.0" encoding="UTF-8"?>
<!-- Generated by org.testng.reporters.JUnitReportReporter -->
<testsuite hostname="Souviks-MacBook-Pro.local" failures="0" tests="1" name="com.fusioncharts.testcases.PrintCancelledTest" time="2.070" errors="0" timestamp="25 Feb 2020 09:33:28 GMT">
  <testcase classname="com.fusioncharts.testcases.PrintCancelledTest" name="printCancelled" time="2.070"/>
</testsuite> <!-- com.fusioncharts.testcases.PrintCancelledTest -->
