<?xml version="1.0" encoding="UTF-8"?>
<!-- Generated by org.testng.reporters.JUnitReportReporter -->
<testsuite hostname="Souviks-MacBook-Pro.local" failures="3" tests="31" name="com.fusioncharts.testcases.OnLoadEventsTest" time="34.182" errors="0" timestamp="25 Feb 2020 09:33:28 GMT">
  <testcase classname="com.fusioncharts.testcases.OnLoadEventsTest" name="dataUpdated" time="0.189"/>
  <testcase classname="com.fusioncharts.testcases.OnLoadEventsTest" name="disposed" time="0.119"/>
  <testcase classname="com.fusioncharts.testcases.OnLoadEventsTest" name="beforeExport" time="2.501"/>
  <testcase classname="com.fusioncharts.testcases.OnLoadEventsTest" name="beforeResize" time="6.532"/>
  <testcase classname="com.fusioncharts.testcases.OnLoadEventsTest" name="beforeRender" time="0.111"/>
  <testcase classname="com.fusioncharts.testcases.OnLoadEventsTest" name="animationInvoked" time="0.150"/>
  <testcase classname="com.fusioncharts.testcases.OnLoadEventsTest" name="beforePrint" time="2.094"/>
  <testcase classname="com.fusioncharts.testcases.OnLoadEventsTest" name="legendItemRollout" time="0.116">
    <failure message="visible is true expected [true] but found [false]" type="java.lang.AssertionError">
      <![CDATA[java.lang.AssertionError: visible is true expected [true] but found [false]
	at org.testng.Assert.fail(Assert.java:94)
	at org.testng.Assert.failNotEquals(Assert.java:496)
	at org.testng.Assert.assertTrue(Assert.java:42)
	at com.fusioncharts.events.LegendItemRollOut.legenditemrollout(LegendItemRollOut.java:56)
	at com.fusioncharts.testcases.OnLoadEventsTest.legendItemRollout(OnLoadEventsTest.java:310)
	at java.base/jdk.internal.reflect.NativeMethodAccessorImpl.invoke0(Native Method)
	at java.base/jdk.internal.reflect.NativeMethodAccessorImpl.invoke(NativeMethodAccessorImpl.java:62)
	at java.base/jdk.internal.reflect.DelegatingMethodAccessorImpl.invoke(DelegatingMethodAccessorImpl.java:43)
	at java.base/java.lang.reflect.Method.invoke(Method.java:564)
	at org.testng.internal.MethodInvocationHelper.invokeMethod(MethodInvocationHelper.java:85)
	at org.testng.internal.Invoker.invokeMethod(Invoker.java:639)
	at org.testng.internal.Invoker.invokeTestMethod(Invoker.java:816)
	at org.testng.internal.Invoker.invokeTestMethods(Invoker.java:1124)
	at org.testng.internal.TestMethodWorker.invokeTestMethods(TestMethodWorker.java:125)
	at org.testng.internal.TestMethodWorker.run(TestMethodWorker.java:108)
	at org.testng.TestRunner.privateRun(TestRunner.java:774)
	at org.testng.TestRunner.run(TestRunner.java:624)
	at org.testng.SuiteRunner.runTest(SuiteRunner.java:359)
	at org.testng.SuiteRunner.runSequentially(SuiteRunner.java:354)
	at org.testng.SuiteRunner.privateRun(SuiteRunner.java:312)
	at org.testng.SuiteRunner.run(SuiteRunner.java:261)
	at org.testng.SuiteRunnerWorker.runSuite(SuiteRunnerWorker.java:52)
	at org.testng.SuiteRunnerWorker.run(SuiteRunnerWorker.java:86)
	at org.testng.TestNG.runSuitesSequentially(TestNG.java:1215)
	at org.testng.TestNG.runSuitesLocally(TestNG.java:1140)
	at org.testng.TestNG.run(TestNG.java:1048)
	at org.testng.remote.AbstractRemoteTestNG.run(AbstractRemoteTestNG.java:115)
	at org.testng.remote.RemoteTestNG.initAndRun(RemoteTestNG.java:251)
	at org.testng.remote.RemoteTestNG.main(RemoteTestNG.java:77)
]]>
    </failure>
  </testcase> <!-- legendItemRollout -->
  <testcase classname="com.fusioncharts.testcases.OnLoadEventsTest" name="legendItemClicked" time="5.762">
    <failure message="visible is true expected [true] but found [false]" type="java.lang.AssertionError">
      <![CDATA[java.lang.AssertionError: visible is true expected [true] but found [false]
	at org.testng.Assert.fail(Assert.java:94)
	at org.testng.Assert.failNotEquals(Assert.java:496)
	at org.testng.Assert.assertTrue(Assert.java:42)
	at com.fusioncharts.events.LegendItemClicked.legenditemclicked(LegendItemClicked.java:56)
	at com.fusioncharts.testcases.OnLoadEventsTest.legendItemClicked(OnLoadEventsTest.java:298)
	at java.base/jdk.internal.reflect.NativeMethodAccessorImpl.invoke0(Native Method)
	at java.base/jdk.internal.reflect.NativeMethodAccessorImpl.invoke(NativeMethodAccessorImpl.java:62)
	at java.base/jdk.internal.reflect.DelegatingMethodAccessorImpl.invoke(DelegatingMethodAccessorImpl.java:43)
	at java.base/java.lang.reflect.Method.invoke(Method.java:564)
	at org.testng.internal.MethodInvocationHelper.invokeMethod(MethodInvocationHelper.java:85)
	at org.testng.internal.Invoker.invokeMethod(Invoker.java:639)
	at org.testng.internal.Invoker.invokeTestMethod(Invoker.java:816)
	at org.testng.internal.Invoker.invokeTestMethods(Invoker.java:1124)
	at org.testng.internal.TestMethodWorker.invokeTestMethods(TestMethodWorker.java:125)
	at org.testng.internal.TestMethodWorker.run(TestMethodWorker.java:108)
	at org.testng.TestRunner.privateRun(TestRunner.java:774)
	at org.testng.TestRunner.run(TestRunner.java:624)
	at org.testng.SuiteRunner.runTest(SuiteRunner.java:359)
	at org.testng.SuiteRunner.runSequentially(SuiteRunner.java:354)
	at org.testng.SuiteRunner.privateRun(SuiteRunner.java:312)
	at org.testng.SuiteRunner.run(SuiteRunner.java:261)
	at org.testng.SuiteRunnerWorker.runSuite(SuiteRunnerWorker.java:52)
	at org.testng.SuiteRunnerWorker.run(SuiteRunnerWorker.java:86)
	at org.testng.TestNG.runSuitesSequentially(TestNG.java:1215)
	at org.testng.TestNG.runSuitesLocally(TestNG.java:1140)
	at org.testng.TestNG.run(TestNG.java:1048)
	at org.testng.remote.AbstractRemoteTestNG.run(AbstractRemoteTestNG.java:115)
	at org.testng.remote.RemoteTestNG.initAndRun(RemoteTestNG.java:251)
	at org.testng.remote.RemoteTestNG.main(RemoteTestNG.java:77)
]]>
    </failure>
  </testcase> <!-- legendItemClicked -->
  <testcase classname="com.fusioncharts.testcases.OnLoadEventsTest" name="chartRollOver" time="0.138"/>
  <testcase classname="com.fusioncharts.testcases.OnLoadEventsTest" name="beforeDataUpdate" time="1.195"/>
  <testcase classname="com.fusioncharts.testcases.OnLoadEventsTest" name="beforeDraw" time="0.081"/>
  <testcase classname="com.fusioncharts.testcases.OnLoadEventsTest" name="dataLoaded" time="0.155"/>
  <testcase classname="com.fusioncharts.testcases.OnLoadEventsTest" name="rendered" time="0.128"/>
  <testcase classname="com.fusioncharts.testcases.OnLoadEventsTest" name="ready" time="0.144"/>
  <testcase classname="com.fusioncharts.testcases.OnLoadEventsTest" name="chartRollOut" time="0.129"/>
  <testcase classname="com.fusioncharts.testcases.OnLoadEventsTest" name="loaded" time="0.091"/>
  <testcase classname="com.fusioncharts.testcases.OnLoadEventsTest" name="chartClick" time="8.955"/>
  <testcase classname="com.fusioncharts.testcases.OnLoadEventsTest" name="beforeInitialize" time="0.210"/>
  <testcase classname="com.fusioncharts.testcases.OnLoadEventsTest" name="exported" time="0.142"/>
  <testcase classname="com.fusioncharts.testcases.OnLoadEventsTest" name="renderComplete" time="0.342"/>
  <testcase classname="com.fusioncharts.testcases.OnLoadEventsTest" name="dataplotRollOut" time="0.168"/>
  <testcase classname="com.fusioncharts.testcases.OnLoadEventsTest" name="dataplotRollOver" time="0.686"/>
  <testcase classname="com.fusioncharts.testcases.OnLoadEventsTest" name="legendItemRollover" time="0.124">
    <failure message="visible is true expected [true] but found [false]" type="java.lang.AssertionError">
      <![CDATA[java.lang.AssertionError: visible is true expected [true] but found [false]
	at org.testng.Assert.fail(Assert.java:94)
	at org.testng.Assert.failNotEquals(Assert.java:496)
	at org.testng.Assert.assertTrue(Assert.java:42)
	at com.fusioncharts.events.LegendItemRollOver.legenditemrollover(LegendItemRollOver.java:56)
	at com.fusioncharts.testcases.OnLoadEventsTest.legendItemRollover(OnLoadEventsTest.java:304)
	at java.base/jdk.internal.reflect.NativeMethodAccessorImpl.invoke0(Native Method)
	at java.base/jdk.internal.reflect.NativeMethodAccessorImpl.invoke(NativeMethodAccessorImpl.java:62)
	at java.base/jdk.internal.reflect.DelegatingMethodAccessorImpl.invoke(DelegatingMethodAccessorImpl.java:43)
	at java.base/java.lang.reflect.Method.invoke(Method.java:564)
	at org.testng.internal.MethodInvocationHelper.invokeMethod(MethodInvocationHelper.java:85)
	at org.testng.internal.Invoker.invokeMethod(Invoker.java:639)
	at org.testng.internal.Invoker.invokeTestMethod(Invoker.java:816)
	at org.testng.internal.Invoker.invokeTestMethods(Invoker.java:1124)
	at org.testng.internal.TestMethodWorker.invokeTestMethods(TestMethodWorker.java:125)
	at org.testng.internal.TestMethodWorker.run(TestMethodWorker.java:108)
	at org.testng.TestRunner.privateRun(TestRunner.java:774)
	at org.testng.TestRunner.run(TestRunner.java:624)
	at org.testng.SuiteRunner.runTest(SuiteRunner.java:359)
	at org.testng.SuiteRunner.runSequentially(SuiteRunner.java:354)
	at org.testng.SuiteRunner.privateRun(SuiteRunner.java:312)
	at org.testng.SuiteRunner.run(SuiteRunner.java:261)
	at org.testng.SuiteRunnerWorker.runSuite(SuiteRunnerWorker.java:52)
	at org.testng.SuiteRunnerWorker.run(SuiteRunnerWorker.java:86)
	at org.testng.TestNG.runSuitesSequentially(TestNG.java:1215)
	at org.testng.TestNG.runSuitesLocally(TestNG.java:1140)
	at org.testng.TestNG.run(TestNG.java:1048)
	at org.testng.remote.AbstractRemoteTestNG.run(AbstractRemoteTestNG.java:115)
	at org.testng.remote.RemoteTestNG.initAndRun(RemoteTestNG.java:251)
	at org.testng.remote.RemoteTestNG.main(RemoteTestNG.java:77)
]]>
    </failure>
  </testcase> <!-- legendItemRollover -->
  <testcase classname="com.fusioncharts.testcases.OnLoadEventsTest" name="drawComplete" time="0.294"/>
  <testcase classname="com.fusioncharts.testcases.OnLoadEventsTest" name="resized" time="0.121"/>
  <testcase classname="com.fusioncharts.testcases.OnLoadEventsTest" name="beforeDispose" time="2.909"/>
  <testcase classname="com.fusioncharts.testcases.OnLoadEventsTest" name="initialized" time="0.245"/>
  <testcase classname="com.fusioncharts.testcases.OnLoadEventsTest" name="chartMouseMove" time="0.133"/>
  <testcase classname="com.fusioncharts.testcases.OnLoadEventsTest" name="dataplotClick" time="0.153"/>
  <testcase classname="com.fusioncharts.testcases.OnLoadEventsTest" name="printComplete" time="0.065"/>
</testsuite> <!-- com.fusioncharts.testcases.OnLoadEventsTest -->
