<?xml version="1.0" encoding="UTF-8"?>
<!-- Generated by org.testng.reporters.JUnitReportReporter -->
<testsuite hostname="LANSA-TEST" failures="0" tests="1" name="com.fusioncharts.testcases.ChartTypeInvalidTest" time="0.084" errors="0" timestamp="25 Aug 2020 12:58:25 GMT">
  <testcase classname="com.fusioncharts.testcases.ChartTypeInvalidTest" name="chartTypeInvalid" time="0.084"/>
</testsuite> <!-- com.fusioncharts.testcases.ChartTypeInvalidTest -->
