<?xml version="1.0" encoding="UTF-8"?>
<!-- Generated by org.testng.reporters.JUnitReportReporter -->
<testsuite hostname="LANSA-TEST" failures="0" tests="1" name="com.froalacharts.testcases.ContainerNotFoundTest" time="0.082" errors="0" timestamp="15 Sep 2020 12:02:56 GMT">
  <testcase classname="com.froalacharts.testcases.ContainerNotFoundTest" name="noDataToDisplay" time="0.082"/>
</testsuite> <!-- com.froalacharts.testcases.ContainerNotFoundTest -->
