<?xml version="1.0" encoding="UTF-8"?>
<!-- Generated by org.testng.reporters.JUnitReportReporter -->
<testsuite hostname="CELSYS130-BLR" failures="0" tests="1" name="com.froalacharts.testcases.NoDataToDisplayTest" time="0.121" errors="0" timestamp="29 Oct 2020 09:43:25 GMT">
  <testcase classname="com.froalacharts.testcases.NoDataToDisplayTest" name="noDataToDisplay" time="0.121"/>
</testsuite> <!-- com.froalacharts.testcases.NoDataToDisplayTest -->
