<?xml version="1.0" encoding="UTF-8"?>
<!-- Generated by org.testng.reporters.JUnitReportReporter -->
<testsuite hostname="CELSYS130-BLR" failures="0" tests="1" name="com.froalacharts.testcases.DataUpdateCancelledTest" time="0.065" errors="0" timestamp="27 Oct 2020 14:37:07 GMT">
  <testcase classname="com.froalacharts.testcases.DataUpdateCancelledTest" name="dataUpdateCancelled" time="0.065"/>
</testsuite> <!-- com.froalacharts.testcases.DataUpdateCancelledTest -->
