<?xml version="1.0" encoding="UTF-8"?>
<!-- Generated by org.testng.reporters.JUnitReportReporter -->
<testsuite hostname="Souviks-MacBook-Pro.local" failures="0" tests="1" name="com.fusioncharts.testcases.DataUpdateCancelledTest" time="0.083" errors="0" timestamp="25 Feb 2020 09:33:28 GMT">
  <testcase classname="com.fusioncharts.testcases.DataUpdateCancelledTest" name="dataUpdateCancelled" time="0.083"/>
</testsuite> <!-- com.fusioncharts.testcases.DataUpdateCancelledTest -->
