<?xml version="1.0" encoding="UTF-8"?>
<!-- Generated by org.testng.reporters.JUnitReportReporter -->
<testsuite hostname="LANSA-TEST" failures="0" tests="1" name="com.froalacharts.testcases.ResizeCancelledTest" time="2.101" errors="0" timestamp="15 Sep 2020 12:02:56 GMT">
  <testcase classname="com.froalacharts.testcases.ResizeCancelledTest" name="resizeCancelled" time="2.101"/>
</testsuite> <!-- com.froalacharts.testcases.ResizeCancelledTest -->
