<?xml version="1.0" encoding="UTF-8"?>
<!-- Generated by org.testng.reporters.JUnitReportReporter -->
<testsuite hostname="LANSA-TEST" failures="0" tests="1" name="com.froalacharts.testcases.ExportCancelledTest" time="2.137" errors="0" timestamp="15 Sep 2020 12:02:55 GMT">
  <testcase classname="com.froalacharts.testcases.ExportCancelledTest" name="exportCancelled" time="2.137"/>
</testsuite> <!-- com.froalacharts.testcases.ExportCancelledTest -->
