<?xml version="1.0" encoding="UTF-8"?>
<!-- Generated by org.testng.reporters.JUnitReportReporter -->
<testsuite hostname="LANSA-TEST" failures="0" tests="1" name="com.froalacharts.testcases.DisposeCancelledTest" time="2.098" errors="0" timestamp="15 Sep 2020 12:02:56 GMT">
  <testcase classname="com.froalacharts.testcases.DisposeCancelledTest" name="disposeCancelled" time="2.098"/>
</testsuite> <!-- com.froalacharts.testcases.DisposeCancelledTest -->
