<?xml version="1.0" encoding="UTF-8"?>
<!-- Generated by org.testng.reporters.JUnitReportReporter -->
<testsuite hostname="LANSA-TEST" failures="0" tests="25" name="com.froalacharts.testcases.SpecificEventsTest" time="103.713" errors="0" timestamp="15 Sep 2020 12:02:55 GMT">
  <testcase classname="com.froalacharts.testcases.SpecificEventsTest" name="timenavbrushTranslate" time="11.175"/>
  <testcase classname="com.froalacharts.testcases.SpecificEventsTest" name="canvasdragend" time="0.102"/>
  <testcase classname="com.froalacharts.testcases.SpecificEventsTest" name="datamarkerclick" time="8.537"/>
  <testcase classname="com.froalacharts.testcases.SpecificEventsTest" name="timenavbrushScale" time="10.082"/>
  <testcase classname="com.froalacharts.testcases.SpecificEventsTest" name="referencelineclick" time="9.270"/>
  <testcase classname="com.froalacharts.testcases.SpecificEventsTest" name="referencezonerollout" time="0.102"/>
  <testcase classname="com.froalacharts.testcases.SpecificEventsTest" name="standardrangeselect" time="5.324"/>
  <testcase classname="com.froalacharts.testcases.SpecificEventsTest" name="referencezonerollover" time="0.104"/>
  <testcase classname="com.froalacharts.testcases.SpecificEventsTest" name="timemarkerrollout" time="0.171"/>
  <testcase classname="com.froalacharts.testcases.SpecificEventsTest" name="canvasdrag" time="11.407"/>
  <testcase classname="com.froalacharts.testcases.SpecificEventsTest" name="timemarkerclick" time="9.283"/>
  <testcase classname="com.froalacharts.testcases.SpecificEventsTest" name="referencelinerollout" time="0.123"/>
  <testcase classname="com.froalacharts.testcases.SpecificEventsTest" name="timemarkerrollover" time="0.112"/>
  <testcase classname="com.froalacharts.testcases.SpecificEventsTest" name="timenavbrushendScale" time="0.369"/>
  <testcase classname="com.froalacharts.testcases.SpecificEventsTest" name="timenavbrushendTranslate" time="0.218"/>
  <testcase classname="com.froalacharts.testcases.SpecificEventsTest" name="canvaswheel" time="13.912"/>
  <testcase classname="com.froalacharts.testcases.SpecificEventsTest" name="selectionchange" time="0.209"/>
  <testcase classname="com.froalacharts.testcases.SpecificEventsTest" name="canvasdragstart" time="0.119"/>
  <testcase classname="com.froalacharts.testcases.SpecificEventsTest" name="timenavbrushstartScale" time="0.235"/>
  <testcase classname="com.froalacharts.testcases.SpecificEventsTest" name="timenavbrushstartTranslate" time="0.399"/>
  <testcase classname="com.froalacharts.testcases.SpecificEventsTest" name="referencelinerollover" time="0.121"/>
  <testcase classname="com.froalacharts.testcases.SpecificEventsTest" name="datamarkerrollover" time="0.172"/>
  <testcase classname="com.froalacharts.testcases.SpecificEventsTest" name="referencezoneclick" time="8.777"/>
  <testcase classname="com.froalacharts.testcases.SpecificEventsTest" name="datamarkerrollout" time="0.144"/>
  <testcase classname="com.froalacharts.testcases.SpecificEventsTest" name="customrangeselect" time="13.246"/>
</testsuite> <!-- com.froalacharts.testcases.SpecificEventsTest -->
