<?xml version="1.0" encoding="UTF-8"?>
<!-- Generated by org.testng.reporters.JUnitReportReporter -->
<testsuite hostname="CELSYS130-BLR" failures="0" tests="1" name="com.froalacharts.testcases.ChartTypeInvalidTest" time="0.153" errors="0" timestamp="27 Oct 2020 14:37:07 GMT">
  <testcase classname="com.froalacharts.testcases.ChartTypeInvalidTest" name="chartTypeInvalid" time="0.153"/>
</testsuite> <!-- com.froalacharts.testcases.ChartTypeInvalidTest -->
