<?xml version="1.0" encoding="UTF-8"?>
<!-- Generated by org.testng.reporters.JUnitReportReporter -->
<testsuite hostname="CELSYS130-BLR" failures="0" tests="1" name="com.froalacharts.testcases.DataUpdateCancelledTest" time="0.200" errors="0" timestamp="29 Oct 2020 09:43:25 GMT">
  <testcase classname="com.froalacharts.testcases.DataUpdateCancelledTest" name="dataUpdateCancelled" time="0.200"/>
</testsuite> <!-- com.froalacharts.testcases.DataUpdateCancelledTest -->
