<?xml version="1.0" encoding="UTF-8"?>
<!-- Generated by org.testng.reporters.JUnitReportReporter -->
<testsuite hostname="Souviks-MacBook-Pro.local" failures="0" tests="25" name="com.fusioncharts.testcases.SpecificEventsTest" time="77.502" errors="1" timestamp="25 Feb 2020 09:33:28 GMT">
  <testcase classname="com.fusioncharts.testcases.SpecificEventsTest" name="customrangeselect" time="8.997"/>
  <testcase classname="com.fusioncharts.testcases.SpecificEventsTest" name="timenavbrushendTranslate" time="0.095"/>
  <testcase classname="com.fusioncharts.testcases.SpecificEventsTest" name="referencelinerollout" time="0.080"/>
  <testcase classname="com.fusioncharts.testcases.SpecificEventsTest" name="canvasdragend" time="0.083"/>
  <testcase classname="com.fusioncharts.testcases.SpecificEventsTest" name="timemarkerclick" time="7.939"/>
  <testcase classname="com.fusioncharts.testcases.SpecificEventsTest" name="timenavbrushstartScale" time="0.107"/>
  <testcase classname="com.fusioncharts.testcases.SpecificEventsTest" name="canvaswheel" time="10.558"/>
  <testcase classname="com.fusioncharts.testcases.SpecificEventsTest" name="datamarkerrollout" time="0.124"/>
  <testcase classname="com.fusioncharts.testcases.SpecificEventsTest" name="standardrangeselect" time="3.366"/>
  <testcase classname="com.fusioncharts.testcases.SpecificEventsTest" name="datamarkerclick" time="8.026"/>
  <testcase classname="com.fusioncharts.testcases.SpecificEventsTest" name="referencelineclick" time="7.442"/>
  <testcase classname="com.fusioncharts.testcases.SpecificEventsTest" name="canvasdrag" time="8.122"/>
  <testcase classname="com.fusioncharts.testcases.SpecificEventsTest" name="timenavbrushTranslate" time="7.837"/>
  <testcase classname="com.fusioncharts.testcases.SpecificEventsTest" name="timenavbrushScale" time="5.900">
    <error type="java.lang.NullPointerException">
      <![CDATA[java.lang.NullPointerException
	at com.fusioncharts.events.TimeNavBrushScale.timenavbrush(TimeNavBrushScale.java:54)
	at com.fusioncharts.testcases.SpecificEventsTest.timenavbrushScale(SpecificEventsTest.java:93)
	at java.base/jdk.internal.reflect.NativeMethodAccessorImpl.invoke0(Native Method)
	at java.base/jdk.internal.reflect.NativeMethodAccessorImpl.invoke(NativeMethodAccessorImpl.java:62)
	at java.base/jdk.internal.reflect.DelegatingMethodAccessorImpl.invoke(DelegatingMethodAccessorImpl.java:43)
	at java.base/java.lang.reflect.Method.invoke(Method.java:564)
	at org.testng.internal.MethodInvocationHelper.invokeMethod(MethodInvocationHelper.java:85)
	at org.testng.internal.Invoker.invokeMethod(Invoker.java:639)
	at org.testng.internal.Invoker.invokeTestMethod(Invoker.java:816)
	at org.testng.internal.Invoker.invokeTestMethods(Invoker.java:1124)
	at org.testng.internal.TestMethodWorker.invokeTestMethods(TestMethodWorker.java:125)
	at org.testng.internal.TestMethodWorker.run(TestMethodWorker.java:108)
	at org.testng.TestRunner.privateRun(TestRunner.java:774)
	at org.testng.TestRunner.run(TestRunner.java:624)
	at org.testng.SuiteRunner.runTest(SuiteRunner.java:359)
	at org.testng.SuiteRunner.runSequentially(SuiteRunner.java:354)
	at org.testng.SuiteRunner.privateRun(SuiteRunner.java:312)
	at org.testng.SuiteRunner.run(SuiteRunner.java:261)
	at org.testng.SuiteRunnerWorker.runSuite(SuiteRunnerWorker.java:52)
	at org.testng.SuiteRunnerWorker.run(SuiteRunnerWorker.java:86)
	at org.testng.TestNG.runSuitesSequentially(TestNG.java:1215)
	at org.testng.TestNG.runSuitesLocally(TestNG.java:1140)
	at org.testng.TestNG.run(TestNG.java:1048)
	at org.testng.remote.AbstractRemoteTestNG.run(AbstractRemoteTestNG.java:115)
	at org.testng.remote.RemoteTestNG.initAndRun(RemoteTestNG.java:251)
	at org.testng.remote.RemoteTestNG.main(RemoteTestNG.java:77)
]]>
    </error>
  </testcase> <!-- timenavbrushScale -->
  <testcase classname="com.fusioncharts.testcases.SpecificEventsTest" name="datamarkerrollover" time="0.128"/>
  <testcase classname="com.fusioncharts.testcases.SpecificEventsTest" name="referencezoneclick" time="7.856"/>
  <testcase classname="com.fusioncharts.testcases.SpecificEventsTest" name="canvasdragstart" time="0.079"/>
  <testcase classname="com.fusioncharts.testcases.SpecificEventsTest" name="selectionchange" time="0.095"/>
  <testcase classname="com.fusioncharts.testcases.SpecificEventsTest" name="referencezonerollout" time="0.090"/>
  <testcase classname="com.fusioncharts.testcases.SpecificEventsTest" name="timenavbrushendScale" time="0.108"/>
  <testcase classname="com.fusioncharts.testcases.SpecificEventsTest" name="referencezonerollover" time="0.089"/>
  <testcase classname="com.fusioncharts.testcases.SpecificEventsTest" name="referencelinerollover" time="0.081"/>
  <testcase classname="com.fusioncharts.testcases.SpecificEventsTest" name="timemarkerrollout" time="0.103"/>
  <testcase classname="com.fusioncharts.testcases.SpecificEventsTest" name="timemarkerrollover" time="0.102"/>
  <testcase classname="com.fusioncharts.testcases.SpecificEventsTest" name="timenavbrushstartTranslate" time="0.095"/>
</testsuite> <!-- com.fusioncharts.testcases.SpecificEventsTest -->
