<?xml version="1.0" encoding="UTF-8"?>
<!-- Generated by org.testng.reporters.JUnitReportReporter -->
<testsuite hostname="Souviks-MacBook-Pro.local" failures="0" tests="1" name="com.fusioncharts.testcases.ContainerNotFoundTest" time="0.072" errors="0" timestamp="25 Feb 2020 09:33:28 GMT">
  <testcase classname="com.fusioncharts.testcases.ContainerNotFoundTest" name="noDataToDisplay" time="0.072"/>
</testsuite> <!-- com.fusioncharts.testcases.ContainerNotFoundTest -->
