<?xml version="1.0" encoding="UTF-8"?>
<!-- Generated by org.testng.reporters.JUnitReportReporter -->
<testsuite hostname="Souviks-MacBook-Pro.local" failures="0" tests="1" name="com.fusioncharts.testcases.DrawCancelledTest" time="0.080" errors="0" timestamp="25 Feb 2020 09:33:28 GMT">
  <testcase classname="com.fusioncharts.testcases.DrawCancelledTest" name="drawCancelled" time="0.080"/>
</testsuite> <!-- com.fusioncharts.testcases.DrawCancelledTest -->
