<?xml version="1.0" encoding="UTF-8"?>
<!-- Generated by org.testng.reporters.JUnitReportReporter -->
<testsuite hostname="CELSYS130-BLR" failures="0" tests="1" name="com.froalacharts.testcases.NoDataToDisplayTest" time="0.138" errors="0" timestamp="27 Oct 2020 14:37:06 GMT">
  <testcase classname="com.froalacharts.testcases.NoDataToDisplayTest" name="noDataToDisplay" time="0.138"/>
</testsuite> <!-- com.froalacharts.testcases.NoDataToDisplayTest -->
