<?xml version="1.0" encoding="UTF-8"?>
<!-- Generated by org.testng.reporters.JUnitReportReporter -->
<testsuite hostname="CELSYS130-BLR" failures="0" tests="1" name="com.froalacharts.testcases.ResizeCancelledTest" time="2.144" errors="0" timestamp="29 Oct 2020 09:43:25 GMT">
  <testcase classname="com.froalacharts.testcases.ResizeCancelledTest" name="resizeCancelled" time="2.144"/>
</testsuite> <!-- com.froalacharts.testcases.ResizeCancelledTest -->
