<?xml version="1.0" encoding="UTF-8"?>
<!-- Generated by org.testng.reporters.JUnitReportReporter -->
<testsuite hostname="LANSA-TEST" failures="0" tests="1" name="com.fusioncharts.testcases.DataUpdateCancelledTest" time="0.114" errors="0" timestamp="25 Aug 2020 12:58:25 GMT">
  <testcase classname="com.fusioncharts.testcases.DataUpdateCancelledTest" name="dataUpdateCancelled" time="0.114"/>
</testsuite> <!-- com.fusioncharts.testcases.DataUpdateCancelledTest -->
