<?xml version="1.0" encoding="UTF-8"?>
<!-- Generated by org.testng.reporters.JUnitReportReporter -->
<testsuite hostname="Souviks-MacBook-Pro.local" failures="0" tests="1" name="com.fusioncharts.testcases.ExportCancelledTest" time="2.089" errors="0" timestamp="25 Feb 2020 09:33:28 GMT">
  <testcase classname="com.fusioncharts.testcases.ExportCancelledTest" name="exportCancelled" time="2.089"/>
</testsuite> <!-- com.fusioncharts.testcases.ExportCancelledTest -->
