<?xml version="1.0" encoding="UTF-8"?>
<!-- Generated by org.testng.reporters.JUnitReportReporter -->
<testsuite hostname="LANSA-TEST" failures="0" tests="1" name="com.froalacharts.testcases.ChartTypeInvalidTest" time="0.150" errors="0" timestamp="15 Sep 2020 12:02:56 GMT">
  <testcase classname="com.froalacharts.testcases.ChartTypeInvalidTest" name="chartTypeInvalid" time="0.150"/>
</testsuite> <!-- com.froalacharts.testcases.ChartTypeInvalidTest -->
