<?xml version="1.0" encoding="UTF-8"?>
<!-- Generated by org.testng.reporters.JUnitReportReporter -->
<testsuite hostname="LANSA-TEST" failures="0" tests="1" name="com.fusioncharts.testcases.PrintCancelledTest" time="2.088" errors="0" timestamp="25 Aug 2020 12:58:25 GMT">
  <testcase classname="com.fusioncharts.testcases.PrintCancelledTest" name="printCancelled" time="2.088"/>
</testsuite> <!-- com.fusioncharts.testcases.PrintCancelledTest -->
