<?xml version="1.0" encoding="UTF-8"?>
<!-- Generated by org.testng.reporters.JUnitReportReporter -->
<testsuite hostname="LANSA-TEST" failures="0" tests="1" name="com.fusioncharts.testcases.ExportCancelledTest" time="2.097" errors="0" timestamp="25 Aug 2020 12:58:25 GMT">
  <testcase classname="com.fusioncharts.testcases.ExportCancelledTest" name="exportCancelled" time="2.097"/>
</testsuite> <!-- com.fusioncharts.testcases.ExportCancelledTest -->
